<?xml version="1.0" encoding="UTF-8"?>
<testsuite name="com.blz.selenium.test.DashBoard_Test" tests="1" skipped="0" failures="0" errors="0" timestamp="2021-08-05T07:44:14" hostname="DESKTOP-KFGQFK8" time="40.291">
  <properties/>
  <testcase name="searchBook_test[0](latikakhairnar10@gmail.com, latika@123)" classname="com.blz.selenium.test.DashBoard_Test" time="40.291"/>
  <system-out><![CDATA[1
1.
Modern C++ for Absolute Beginners
By: Slobodan Dmitrovic
Publisher: Apress
Rs.2,018
Binding:
Paperback
Release:
06 Aug 2020
Language:
English
Available
Ships within 4-6 Days Explain..
Rs.39 shipping in India per item and low cost Worldwide
2.
32%
Modern Data Mining Algorithms in C++ and Cuda C
By: Timothy Masters
Publisher: Apress
Rs.3,237
Rs.2,201
Binding:
Paperback
Release:
06 Jun 2020
Language:
English
Available
Ships within 12-14 Days Explain..
Rs.39 shipping in India per item and low cost Worldwide
3.
33%
C++ Crash Course
By: Joshua Alfred Lospinoso, Josh Lospinoso
Publisher: No Starch Press
Rs.3,999
Rs.2,679
Binding:
Paperback
Release:
24 Sep 2019
Language:
English
Available
Ships within 4-6 Days Explain..
Rs.39 shipping in India per item and low cost Worldwide
4.
32%
Clean C++
By: Stephan Roth
Publisher: Apress
Rs.3,515
Rs.2,390
Binding:
Paperback
Release:
27 Oct 2017
Language:
English
Available
Ships within 12-14 Days Explain..
Rs.39 shipping in India per item and low cost Worldwide
5.
29%
Computer Programming with C++
By: Kunal Pimparkhede
Publisher: Cambridge University Press
Rs.550
Rs.391
Binding:
Paperback
Release:
16 Jan 2017
Language:
English
Available
Ships within 8-10 Days Explain..
Rs.39 shipping in India per item and low cost Worldwide
6.
21%
C++ How to Program, 10e
By: Deitel Harvey, Deitel Paul
Publisher: Pearson Education
Rs.899
Rs.710
Binding:
Paperback
Release:
30 June 2017
Language:
English
Available
Ships within 4-6 Days Explain..
Rs.39 shipping in India per item and low cost Worldwide
7.
50%
Object-Oriented Programming with C++
By: E Balagurusamy
Publisher: McGraw Hill Education
Rs.525
Rs.263
Binding:
Paperback
Release:
20 September 2017
Language:
English
Available
Ships within 1-2 Days Explain..
Rs.39 shipping in India per item and low cost Worldwide
8.
11%
LEARNING OPENCV 3 COMPUTER VISION IN C++ WITH THE OPENCV LIBRARY
Publisher: Shroff/o'reilly
Rs.2,600
Rs.2,314
Release:
2017
Language:
English
Available
Ships within 8-10 Days Explain..
Rs.39 shipping in India per item and low cost Worldwide
9.
C & C++ Interview Questions You'll Most Likely Be Asked
By: Vibrant Publishers
Publisher: Vibrant Publishers
Rs.1,903
Binding:
Paperback
Release:
21 Dec 2016
Language:
English
Available
Ships within 4-6 Days Explain..
Rs.39 shipping in India per item and low cost Worldwide

10.
21%
C++ Primer Plus
By: Stephen Prata
Publisher: Pearson Education
Rs.1,000
Rs.790
Binding:
Paperback
Release:
2015
Language:
English
Available
Ships within 4-6 Days Explain..
Rs.39 shipping in India per item and low cost Worldwide
11.
9%
Data Structures Using C and C++
By: Yedidyah Langsam
Publisher: Pearson Education
Rs.669
Rs.609
Binding:
Paperback
Release:
2015
Language:
English
Available
Ships within 4-6 Days Explain..
Rs.39 shipping in India per item and low cost Worldwide
12.
15%
Data Structures & Algorithms Using C++
By: RS Salaria
Publisher: Khanna Book Publishing
Rs.385
Rs.327
Binding:
Paperback
Release:
2015
Language:
English
Available
Ships within 4-6 Days Explain..
Rs.39 shipping in India per item and low cost Worldwide
13.
40%
Programming in C & C++
By: Pooja Srivastava
Publisher: Khanna Book Publishing
Rs.275
Rs.165
Binding:
Paperback
Release:
2014
Language:
English
Available
Ships within 4-6 Days Explain..
Rs.39 shipping in India per item and low cost Worldwide
14.
10%
Effective Modern C++
By: Scott Meyers
Publisher: Shroff - O'Reilly
Rs.925
Rs.833
Binding:
Paperback
Release:
2014
Language:
English
Available
Ships within 8-10 Days Explain..
Rs.39 shipping in India per item and low cost Worldwide
15.
21%
The C++ Programming Language - Anna University
By: Bjarne Stroustrup
Publisher: Pearson Education
Rs.799
Rs.631
Binding:
Paperback
Release:
2014
Language:
English
Available
Ships within 4-6 Days Explain..
Rs.39 shipping in India per item and low cost Worldwide
16.
20%
Data Structures and Algorithm Analysis in C++ - Anna University
By: Mark Allen Weiss
Publisher: Pearson Education
Rs.659
Rs.527
Binding:
Paperback
Release:
2014
Language:
English
Available
Ships within 4-6 Days Explain..
Rs.39 shipping in India per item and low cost Worldwide
[INFO ] 2021-08-05 13:14:31.915 [Test worker] LogClass - %1.
Modern C++ for Absolute Beginners
By: Slobodan Dmitrovic
Publisher: Apress
Rs.2,018
Binding:
Paperback
Release:
06 Aug 2020
Language:
English
Available
Ships within 4-6 Days Explain..
Rs.39 shipping in India per item and low cost Worldwide
2.
32%
Modern Data Mining Algorithms in C++ and Cuda C
By: Timothy Masters
Publisher: Apress
Rs.3,237
Rs.2,201
Binding:
Paperback
Release:
06 Jun 2020
Language:
English
Available
Ships within 12-14 Days Explain..
Rs.39 shipping in India per item and low cost Worldwide
3.
33%
C++ Crash Course
By: Joshua Alfred Lospinoso, Josh Lospinoso
Publisher: No Starch Press
Rs.3,999
Rs.2,679
Binding:
Paperback
Release:
24 Sep 2019
Language:
English
Available
Ships within 4-6 Days Explain..
Rs.39 shipping in India per item and low cost Worldwide
4.
32%
Clean C++
By: Stephan Roth
Publisher: Apress
Rs.3,515
Rs.2,390
Binding:
Paperback
Release:
27 Oct 2017
Language:
English
Available
Ships within 12-14 Days Explain..
Rs.39 shipping in India per item and low cost Worldwide
5.
29%
Computer Programming with C++
By: Kunal Pimparkhede
Publisher: Cambridge University Press
Rs.550
Rs.391
Binding:
Paperback
Release:
16 Jan 2017
Language:
English
Available
Ships within 8-10 Days Explain..
Rs.39 shipping in India per item and low cost Worldwide
6.
21%
C++ How to Program, 10e
By: Deitel Harvey, Deitel Paul
Publisher: Pearson Education
Rs.899
Rs.710
Binding:
Paperback
Release:
30 June 2017
Language:
English
Available
Ships within 4-6 Days Explain..
Rs.39 shipping in India per item and low cost Worldwide
7.
50%
Object-Oriented Programming with C++
By: E Balagurusamy
Publisher: McGraw Hill Education
Rs.525
Rs.263
Binding:
Paperback
Release:
20 September 2017
Language:
English
Available
Ships within 1-2 Days Explain..
Rs.39 shipping in India per item and low cost Worldwide
8.
11%
LEARNING OPENCV 3 COMPUTER VISION IN C++ WITH THE OPENCV LIBRARY
Publisher: Shroff/o'reilly
Rs.2,600
Rs.2,314
Release:
2017
Language:
English
Available
Ships within 8-10 Days Explain..
Rs.39 shipping in India per item and low cost Worldwide
9.
C & C++ Interview Questions You'll Most Likely Be Asked
By: Vibrant Publishers
Publisher: Vibrant Publishers
Rs.1,903
Binding:
Paperback
Release:
21 Dec 2016
Language:
English
Available
Ships within 4-6 Days Explain..
Rs.39 shipping in India per item and low cost Worldwide

10.
21%
C++ Primer Plus
By: Stephen Prata
Publisher: Pearson Education
Rs.1,000
Rs.790
Binding:
Paperback
Release:
2015
Language:
English
Available
Ships within 4-6 Days Explain..
Rs.39 shipping in India per item and low cost Worldwide
11.
9%
Data Structures Using C and C++
By: Yedidyah Langsam
Publisher: Pearson Education
Rs.669
Rs.609
Binding:
Paperback
Release:
2015
Language:
English
Available
Ships within 4-6 Days Explain..
Rs.39 shipping in India per item and low cost Worldwide
12.
15%
Data Structures & Algorithms Using C++
By: RS Salaria
Publisher: Khanna Book Publishing
Rs.385
Rs.327
Binding:
Paperback
Release:
2015
Language:
English
Available
Ships within 4-6 Days Explain..
Rs.39 shipping in India per item and low cost Worldwide
13.
40%
Programming in C & C++
By: Pooja Srivastava
Publisher: Khanna Book Publishing
Rs.275
Rs.165
Binding:
Paperback
Release:
2014
Language:
English
Available
Ships within 4-6 Days Explain..
Rs.39 shipping in India per item and low cost Worldwide
14.
10%
Effective Modern C++
By: Scott Meyers
Publisher: Shroff - O'Reilly
Rs.925
Rs.833
Binding:
Paperback
Release:
2014
Language:
English
Available
Ships within 8-10 Days Explain..
Rs.39 shipping in India per item and low cost Worldwide
15.
21%
The C++ Programming Language - Anna University
By: Bjarne Stroustrup
Publisher: Pearson Education
Rs.799
Rs.631
Binding:
Paperback
Release:
2014
Language:
English
Available
Ships within 4-6 Days Explain..
Rs.39 shipping in India per item and low cost Worldwide
16.
20%
Data Structures and Algorithm Analysis in C++ - Anna University
By: Mark Allen Weiss
Publisher: Pearson Education
Rs.659
Rs.527
Binding:
Paperback
Release:
2014
Language:
English
Available
Ships within 4-6 Days Explain..
Rs.39 shipping in India per item and low cost Worldwide
[INFO ] 2021-08-05 13:14:46.543 [Test worker] LogClass - %[INFO ] 2021-08-05 13:14:48.488 [Test worker] LogClass - %[INFO ] 2021-08-05 13:14:49.643 [Test worker] LogClass - %[INFO ] 2021-08-05 13:14:50.381 [Test worker] LogClass - %[INFO ] 2021-08-05 13:14:53.089 [Test worker] LogClass - %[INFO ] 2021-08-05 13:14:54.421 [Test worker] LogClass - %Please login first!
]]></system-out>
  <system-err><![CDATA[]]></system-err>
</testsuite>
